<testsuite name="Django Project Tests" errors="0" failures="0" skips="0" tests="15" time="9.343"><testcase time="0.000000" classname="main_app.tests.HomePageTests" name="test_model_content" /><testcase time="2.129290" classname="main_app.tests.HomePageTests" name="test_template_content" /><testcase time="2.073554" classname="main_app.tests.HomePageTests" name="test_template_name_correct" /><testcase time="2.084976" classname="main_app.tests.HomePageTests" name="test_url_available_by_name" /><testcase time="2.059804" classname="main_app.tests.HomePageTests" name="test_url_exists_at_correct_location" /><testcase time="0.002050" classname="main_app.tests.TrendingPageTests" name="test_model_content" /><testcase time="0.014431" classname="main_app.tests.TrendingPageTests" name="test_template_content" /><testcase time="0.016020" classname="main_app.tests.TrendingPageTests" name="test_template_name_correct" /><testcase time="0.016526" classname="main_app.tests.TrendingPageTests" name="test_url_available_by_name" /><testcase time="0.014339" classname="main_app.tests.TrendingPageTests" name="test_url_exists_at_correct_location" /><testcase time="0.000000" classname="main_app.tests.UploadPageTests" name="test_model_content" /><testcase time="0.186071" classname="main_app.tests.UploadPageTests" name="test_template_content" /><testcase time="0.218929" classname="main_app.tests.UploadPageTests" name="test_template_name_correct" /><testcase time="0.200172" classname="main_app.tests.UploadPageTests" name="test_url_available_by_name" /><testcase time="0.161568" classname="main_app.tests.UploadPageTests" name="test_url_exists_at_correct_location" /></testsuite>